[2018-08-02 21:43:52] Error text: The page is not found | File: C:\OSPanel\domains\ishhop2.loc\public\index.php | Line: 12 
======================
[2018-08-02 21:43:52] Error text: The page is not found | File: C:\OSPanel\domains\ishhop2.loc\public\index.php | Line: 12 
======================
[2018-08-02 21:44:10] Error text: The page is not found | File: C:\OSPanel\domains\ishhop2.loc\public\index.php | Line: 12 
======================
[2018-08-02 21:44:15] Error text: The page is not found | File: C:\OSPanel\domains\ishhop2.loc\public\index.php | Line: 12 
======================
[2018-08-02 21:44:52] Error text: The page is not found | File: C:\OSPanel\domains\ishhop2.loc\public\index.php | Line: 12 
======================
[2018-08-02 21:44:53] Error text: The page is not found | File: C:\OSPanel\domains\ishhop2.loc\public\index.php | Line: 12 
======================
[2018-08-02 21:44:54] Error text: The page is not found | File: C:\OSPanel\domains\ishhop2.loc\public\index.php | Line: 12 
======================
[2018-08-02 21:44:55] Error text: The page is not found | File: C:\OSPanel\domains\ishhop2.loc\public\index.php | Line: 12 
======================
[2018-08-02 21:44:55] Error text: The page is not found | File: C:\OSPanel\domains\ishhop2.loc\public\index.php | Line: 12 
======================
[2018-08-02 21:44:55] Error text: The page is not found | File: C:\OSPanel\domains\ishhop2.loc\public\index.php | Line: 12 
======================
[2018-08-02 21:44:56] Error text: The page is not found | File: C:\OSPanel\domains\ishhop2.loc\public\index.php | Line: 12 
======================
[2018-08-02 21:44:56] Error text: The page is not found | File: C:\OSPanel\domains\ishhop2.loc\public\index.php | Line: 12 
======================
[2018-08-02 21:44:56] Error text: The page is not found | File: C:\OSPanel\domains\ishhop2.loc\public\index.php | Line: 12 
======================
[2018-08-02 21:44:57] Error text: The page is not found | File: C:\OSPanel\domains\ishhop2.loc\public\index.php | Line: 12 
======================
[2018-08-02 21:44:57] Error text: The page is not found | File: C:\OSPanel\domains\ishhop2.loc\public\index.php | Line: 12 
======================
[2018-08-02 21:44:58] Error text: The page is not found | File: C:\OSPanel\domains\ishhop2.loc\public\index.php | Line: 12 
======================
[2018-08-02 21:44:59] Error text: The page is not found | File: C:\OSPanel\domains\ishhop2.loc\public\index.php | Line: 12 
======================
[2018-08-02 21:45:37] Error text: The page is not found | File: C:\OSPanel\domains\ishhop2.loc\public\index.php | Line: 12 
======================
[2018-08-02 21:45:38] Error text: The page is not found | File: C:\OSPanel\domains\ishhop2.loc\public\index.php | Line: 12 
======================
[2018-08-02 21:45:39] Error text: The page is not found | File: C:\OSPanel\domains\ishhop2.loc\public\index.php | Line: 12 
======================
[2018-08-02 21:45:39] Error text: The page is not found | File: C:\OSPanel\domains\ishhop2.loc\public\index.php | Line: 12 
======================
[2018-08-02 21:45:40] Error text: The page is not found | File: C:\OSPanel\domains\ishhop2.loc\public\index.php | Line: 12 
======================
[2018-08-02 21:45:40] Error text: The page is not found | File: C:\OSPanel\domains\ishhop2.loc\public\index.php | Line: 12 
======================
[2018-08-02 21:45:41] Error text: The page is not found | File: C:\OSPanel\domains\ishhop2.loc\public\index.php | Line: 12 
======================
[2018-08-02 21:45:41] Error text: The page is not found | File: C:\OSPanel\domains\ishhop2.loc\public\index.php | Line: 12 
======================
[2018-08-02 21:45:43] Error text: The page is not found | File: C:\OSPanel\domains\ishhop2.loc\public\index.php | Line: 12 
======================
[2018-08-02 21:46:00] Error text: The page is not found | File: C:\OSPanel\domains\ishhop2.loc\public\index.php | Line: 12 
======================
[2018-08-02 21:46:01] Error text: The page is not found | File: C:\OSPanel\domains\ishhop2.loc\public\index.php | Line: 12 
======================
[2018-08-02 21:46:02] Error text: The page is not found | File: C:\OSPanel\domains\ishhop2.loc\public\index.php | Line: 12 
======================
[2018-08-02 21:46:02] Error text: The page is not found | File: C:\OSPanel\domains\ishhop2.loc\public\index.php | Line: 12 
======================
[2018-08-02 21:46:03] Error text: The page is not found | File: C:\OSPanel\domains\ishhop2.loc\public\index.php | Line: 12 
======================
[2018-08-02 21:46:10] Error text: The page is not found | File: C:\OSPanel\domains\ishhop2.loc\public\index.php | Line: 12 
======================
[2018-08-02 21:46:11] Error text: The page is not found | File: C:\OSPanel\domains\ishhop2.loc\public\index.php | Line: 12 
======================
[2018-08-02 21:46:34] Error text: The page is not found | File: C:\OSPanel\domains\ishhop2.loc\public\index.php | Line: 12 
======================
[2018-08-02 21:46:49] Error text: The page is not found | File: C:\OSPanel\domains\ishhop2.loc\public\index.php | Line: 12 
======================
[2018-08-02 21:46:56] Error text: The page is not found | File: C:\OSPanel\domains\ishhop2.loc\public\index.php | Line: 12 
======================
[2018-08-02 21:47:05] Error text: The page is not found | File: C:\OSPanel\domains\ishhop2.loc\public\index.php | Line: 12 
======================
[2018-08-02 21:47:17] Error text: The page is not found | File: C:\OSPanel\domains\ishhop2.loc\public\index.php | Line: 12 
======================
[2018-08-02 21:47:18] Error text: The page is not found | File: C:\OSPanel\domains\ishhop2.loc\public\index.php | Line: 12 
======================
[2018-08-02 21:47:22] Error text: The page is not found | File: C:\OSPanel\domains\ishhop2.loc\public\index.php | Line: 12 
======================
[2018-08-02 21:47:22] Error text: The page is not found | File: C:\OSPanel\domains\ishhop2.loc\public\index.php | Line: 12 
======================
[2018-08-02 21:47:23] Error text: The page is not found | File: C:\OSPanel\domains\ishhop2.loc\public\index.php | Line: 12 
======================
[2018-08-02 21:47:23] Error text: The page is not found | File: C:\OSPanel\domains\ishhop2.loc\public\index.php | Line: 12 
======================
[2018-08-02 21:47:30] Error text: The page is not found | File: C:\OSPanel\domains\ishhop2.loc\public\index.php | Line: 12 
======================
[2018-08-02 21:47:34] Error text: The page is not found | File: C:\OSPanel\domains\ishhop2.loc\public\index.php | Line: 12 
======================
[2018-08-02 21:47:35] Error text: The page is not found | File: C:\OSPanel\domains\ishhop2.loc\public\index.php | Line: 12 
======================
[2018-08-02 21:47:35] Error text: The page is not found | File: C:\OSPanel\domains\ishhop2.loc\public\index.php | Line: 12 
======================
[2018-08-02 21:54:26] Error text: Page not found | File: C:\OSPanel\domains\ishhop2.loc\public\index.php | Line: 12 
======================
[2018-08-02 21:54:27] Error text: Page not found | File: C:\OSPanel\domains\ishhop2.loc\public\index.php | Line: 12 
======================
[2018-08-02 21:54:47] Error text: Page not found | File: C:\OSPanel\domains\ishhop2.loc\public\index.php | Line: 12 
======================
[2018-08-02 21:57:17] Error text: Page not found | File: C:\OSPanel\domains\ishhop2.loc\public\index.php | Line: 12 
======================
[2018-08-02 21:58:34] Error text: Page not found | File: C:\OSPanel\domains\ishhop2.loc\public\index.php | Line: 12 
======================
[2018-08-02 21:58:47] Error text: Page not found | File: C:\OSPanel\domains\ishhop2.loc\public\index.php | Line: 12 
======================
[2018-08-02 22:04:59] Error text: Page not found | File: C:\OSPanel\domains\ishhop2.loc\public\index.php | Line: 12 
======================
[2018-08-02 22:05:00] Error text: Page not found | File: C:\OSPanel\domains\ishhop2.loc\public\index.php | Line: 12 
======================
[2018-08-02 22:54:42] Error text: Page is not found | File: C:\OSPanel\domains\ishhop2.loc\vendor\ishop\core\Router.php | Line: 27 
======================
[2018-08-02 22:55:37] Error text: Page is not found | File: C:\OSPanel\domains\ishhop2.loc\vendor\ishop\core\Router.php | Line: 27 
======================
[2018-08-02 22:55:37] Error text: Page is not found | File: C:\OSPanel\domains\ishhop2.loc\vendor\ishop\core\Router.php | Line: 27 
======================
[2018-08-02 22:55:51] Error text: Page is not found | File: C:\OSPanel\domains\ishhop2.loc\vendor\ishop\core\Router.php | Line: 27 
======================
[2018-08-02 22:55:51] Error text: Page is not found | File: C:\OSPanel\domains\ishhop2.loc\vendor\ishop\core\Router.php | Line: 27 
======================
[2018-08-02 22:55:52] Error text: Page is not found | File: C:\OSPanel\domains\ishhop2.loc\vendor\ishop\core\Router.php | Line: 27 
======================
[2018-08-02 22:55:52] Error text: Page is not found | File: C:\OSPanel\domains\ishhop2.loc\vendor\ishop\core\Router.php | Line: 27 
======================
[2018-08-02 23:14:42] Error text: Controller {$controller} is not found | File: C:\OSPanel\domains\ishhop2.loc\vendor\ishop\core\Router.php | Line: 35 
======================
[2018-08-02 23:15:19] Error text: Controller {$controller} is not found | File: C:\OSPanel\domains\ishhop2.loc\vendor\ishop\core\Router.php | Line: 35 
======================
[2018-08-02 23:15:21] Error text: Controller {$controller} is not found | File: C:\OSPanel\domains\ishhop2.loc\vendor\ishop\core\Router.php | Line: 35 
======================
[2018-08-02 23:15:21] Error text: Controller {$controller} is not found | File: C:\OSPanel\domains\ishhop2.loc\vendor\ishop\core\Router.php | Line: 35 
======================
[2018-08-02 23:15:22] Error text: Controller {$controller} is not found | File: C:\OSPanel\domains\ishhop2.loc\vendor\ishop\core\Router.php | Line: 35 
======================
[2018-08-02 23:15:24] Error text: Controller {$controller} is not found | File: C:\OSPanel\domains\ishhop2.loc\vendor\ishop\core\Router.php | Line: 35 
======================
[2018-08-02 23:18:05] Error text: Controller {$controller} is not found | File: C:\OSPanel\domains\ishhop2.loc\vendor\ishop\core\Router.php | Line: 35 
======================
[2018-08-02 23:19:54] Error text: Controller {$controller} is not found | File: C:\OSPanel\domains\ishhop2.loc\vendor\ishop\core\Router.php | Line: 35 
======================
[2018-08-02 23:19:59] Error text: Page is not found | File: C:\OSPanel\domains\ishhop2.loc\vendor\ishop\core\Router.php | Line: 38 
======================
[2018-08-02 23:20:09] Error text: Page is not found | File: C:\OSPanel\domains\ishhop2.loc\vendor\ishop\core\Router.php | Line: 38 
======================
[2018-08-02 23:20:12] Error text: Page is not found | File: C:\OSPanel\domains\ishhop2.loc\vendor\ishop\core\Router.php | Line: 38 
======================
[2018-08-02 23:20:18] Error text: Page is not found | File: C:\OSPanel\domains\ishhop2.loc\vendor\ishop\core\Router.php | Line: 38 
======================
[2018-08-02 23:20:36] Error text: Controller {$controller} is not found | File: C:\OSPanel\domains\ishhop2.loc\vendor\ishop\core\Router.php | Line: 35 
======================
[2018-08-02 23:20:36] Error text: Controller {$controller} is not found | File: C:\OSPanel\domains\ishhop2.loc\vendor\ishop\core\Router.php | Line: 35 
======================
[2018-08-02 23:21:03] Error text: Controller {$controller} is not found | File: C:\OSPanel\domains\ishhop2.loc\vendor\ishop\core\Router.php | Line: 35 
======================
[2018-08-02 23:21:03] Error text: Controller {$controller} is not found | File: C:\OSPanel\domains\ishhop2.loc\vendor\ishop\core\Router.php | Line: 35 
======================
[2018-08-02 23:21:18] Error text: Controller {$controller} is not found | File: C:\OSPanel\domains\ishhop2.loc\vendor\ishop\core\Router.php | Line: 35 
======================
[2018-08-02 23:21:19] Error text: Controller {$controller} is not found | File: C:\OSPanel\domains\ishhop2.loc\vendor\ishop\core\Router.php | Line: 35 
======================
[2018-08-02 23:21:30] Error text: Controller {$controller} is not found | File: C:\OSPanel\domains\ishhop2.loc\vendor\ishop\core\Router.php | Line: 35 
======================
[2018-08-02 23:22:08] Error text: Controller {$controller} is not found | File: C:\OSPanel\domains\ishhop2.loc\vendor\ishop\core\Router.php | Line: 35 
======================
[2018-08-02 23:22:12] Error text: Controller {$controller} is not found | File: C:\OSPanel\domains\ishhop2.loc\vendor\ishop\core\Router.php | Line: 35 
======================
[2018-08-02 23:22:13] Error text: Controller {$controller} is not found | File: C:\OSPanel\domains\ishhop2.loc\vendor\ishop\core\Router.php | Line: 35 
======================
[2018-08-02 23:22:17] Error text: Page is not found | File: C:\OSPanel\domains\ishhop2.loc\vendor\ishop\core\Router.php | Line: 38 
======================
[2018-08-02 23:22:30] Error text: Controller {$controller} is not found | File: C:\OSPanel\domains\ishhop2.loc\vendor\ishop\core\Router.php | Line: 35 
======================
[2018-08-02 23:22:34] Error text: Controller {$controller} is not found | File: C:\OSPanel\domains\ishhop2.loc\vendor\ishop\core\Router.php | Line: 35 
======================
[2018-08-02 23:22:35] Error text: Controller {$controller} is not found | File: C:\OSPanel\domains\ishhop2.loc\vendor\ishop\core\Router.php | Line: 35 
======================
[2018-08-02 23:22:37] Error text: Controller {$controller} is not found | File: C:\OSPanel\domains\ishhop2.loc\vendor\ishop\core\Router.php | Line: 35 
======================
[2018-08-02 23:28:09] Error text: Controller {$controller} is not found | File: C:\OSPanel\domains\ishhop2.loc\vendor\ishop\core\Router.php | Line: 35 
======================
[2018-08-02 23:28:09] Error text: Controller {$controller} is not found | File: C:\OSPanel\domains\ishhop2.loc\vendor\ishop\core\Router.php | Line: 35 
======================
[2018-08-02 23:28:10] Error text: Controller {$controller} is not found | File: C:\OSPanel\domains\ishhop2.loc\vendor\ishop\core\Router.php | Line: 35 
======================
[2018-08-02 23:28:15] Error text: Controller {$controller} is not found | File: C:\OSPanel\domains\ishhop2.loc\vendor\ishop\core\Router.php | Line: 35 
======================
[2018-08-02 23:29:47] Error text: Controller {$controller} is not found | File: C:\OSPanel\domains\ishhop2.loc\vendor\ishop\core\Router.php | Line: 36 
======================
[2018-08-02 23:29:47] Error text: Controller {$controller} is not found | File: C:\OSPanel\domains\ishhop2.loc\vendor\ishop\core\Router.php | Line: 36 
======================
[2018-08-02 23:29:48] Error text: Controller {$controller} is not found | File: C:\OSPanel\domains\ishhop2.loc\vendor\ishop\core\Router.php | Line: 36 
======================
[2018-08-02 23:29:48] Error text: Controller {$controller} is not found | File: C:\OSPanel\domains\ishhop2.loc\vendor\ishop\core\Router.php | Line: 36 
======================
[2018-08-02 23:29:49] Error text: Controller {$controller} is not found | File: C:\OSPanel\domains\ishhop2.loc\vendor\ishop\core\Router.php | Line: 36 
======================
[2018-08-02 23:29:49] Error text: Controller {$controller} is not found | File: C:\OSPanel\domains\ishhop2.loc\vendor\ishop\core\Router.php | Line: 36 
======================
[2018-08-02 23:29:50] Error text: Controller {$controller} is not found | File: C:\OSPanel\domains\ishhop2.loc\vendor\ishop\core\Router.php | Line: 36 
======================
[2018-08-02 23:29:50] Error text: Controller {$controller} is not found | File: C:\OSPanel\domains\ishhop2.loc\vendor\ishop\core\Router.php | Line: 36 
======================
[2018-08-02 23:29:53] Error text: Controller {$controller} is not found | File: C:\OSPanel\domains\ishhop2.loc\vendor\ishop\core\Router.php | Line: 36 
======================
[2018-08-02 23:29:54] Error text: Controller {$controller} is not found | File: C:\OSPanel\domains\ishhop2.loc\vendor\ishop\core\Router.php | Line: 36 
======================
[2018-08-02 23:29:54] Error text: Controller {$controller} is not found | File: C:\OSPanel\domains\ishhop2.loc\vendor\ishop\core\Router.php | Line: 36 
======================
[2018-08-02 23:29:54] Error text: Controller {$controller} is not found | File: C:\OSPanel\domains\ishhop2.loc\vendor\ishop\core\Router.php | Line: 36 
======================
[2018-08-02 23:30:21] Error text: Controller {$controller} is not found | File: C:\OSPanel\domains\ishhop2.loc\vendor\ishop\core\Router.php | Line: 36 
======================
[2018-08-02 23:34:38] Error text: Controller {$controller} is not found | File: C:\OSPanel\domains\ishhop2.loc\vendor\ishop\core\Router.php | Line: 35 
======================
[2018-08-02 23:34:38] Error text: Controller {$controller} is not found | File: C:\OSPanel\domains\ishhop2.loc\vendor\ishop\core\Router.php | Line: 35 
======================
[2018-08-02 23:34:39] Error text: Controller {$controller} is not found | File: C:\OSPanel\domains\ishhop2.loc\vendor\ishop\core\Router.php | Line: 35 
======================
[2018-08-02 23:34:39] Error text: Controller {$controller} is not found | File: C:\OSPanel\domains\ishhop2.loc\vendor\ishop\core\Router.php | Line: 35 
======================
[2018-08-02 23:52:37] Error text: Controller {$controller} is not found | File: C:\OSPanel\domains\ishhop2.loc\vendor\ishop\core\Router.php | Line: 35 
======================
[2018-08-02 23:52:39] Error text: Controller {$controller} is not found | File: C:\OSPanel\domains\ishhop2.loc\vendor\ishop\core\Router.php | Line: 35 
======================
[2018-08-02 23:52:40] Error text: Controller {$controller} is not found | File: C:\OSPanel\domains\ishhop2.loc\vendor\ishop\core\Router.php | Line: 35 
======================
[2018-08-02 23:52:53] Error text: Controller {$controller} is not found | File: C:\OSPanel\domains\ishhop2.loc\vendor\ishop\core\Router.php | Line: 35 
======================
[2018-08-02 23:52:54] Error text: Controller {$controller} is not found | File: C:\OSPanel\domains\ishhop2.loc\vendor\ishop\core\Router.php | Line: 35 
======================
[2018-08-02 23:52:55] Error text: Controller {$controller} is not found | File: C:\OSPanel\domains\ishhop2.loc\vendor\ishop\core\Router.php | Line: 35 
======================
[2018-08-02 23:52:55] Error text: Controller {$controller} is not found | File: C:\OSPanel\domains\ishhop2.loc\vendor\ishop\core\Router.php | Line: 35 
======================
[2018-08-02 23:53:56] Error text: Controller {$controller} is not found | File: C:\OSPanel\domains\ishhop2.loc\vendor\ishop\core\Router.php | Line: 35 
======================
[2018-08-02 23:53:57] Error text: Controller {$controller} is not found | File: C:\OSPanel\domains\ishhop2.loc\vendor\ishop\core\Router.php | Line: 35 
======================
[2018-08-02 23:53:57] Error text: Controller {$controller} is not found | File: C:\OSPanel\domains\ishhop2.loc\vendor\ishop\core\Router.php | Line: 35 
======================
[2018-08-02 23:53:58] Error text: Controller {$controller} is not found | File: C:\OSPanel\domains\ishhop2.loc\vendor\ishop\core\Router.php | Line: 35 
======================
[2018-08-02 23:58:48] Error text: Controller {$controller} is not found | File: C:\OSPanel\domains\ishhop2.loc\vendor\ishop\core\Router.php | Line: 37 
======================
[2018-08-02 23:58:49] Error text: Controller {$controller} is not found | File: C:\OSPanel\domains\ishhop2.loc\vendor\ishop\core\Router.php | Line: 37 
======================
[2018-08-02 23:58:49] Error text: Controller {$controller} is not found | File: C:\OSPanel\domains\ishhop2.loc\vendor\ishop\core\Router.php | Line: 37 
======================
[2018-08-02 23:58:50] Error text: Controller {$controller} is not found | File: C:\OSPanel\domains\ishhop2.loc\vendor\ishop\core\Router.php | Line: 37 
======================
[2018-08-02 23:58:50] Error text: Controller {$controller} is not found | File: C:\OSPanel\domains\ishhop2.loc\vendor\ishop\core\Router.php | Line: 37 
======================
[2018-08-02 23:59:38] Error text: Method {$controller::$action} is not found | File: C:\OSPanel\domains\ishhop2.loc\vendor\ishop\core\Router.php | Line: 34 
======================
[2018-08-03 00:00:16] Error text: Method {$controller::$action} is not found | File: C:\OSPanel\domains\ishhop2.loc\vendor\ishop\core\Router.php | Line: 34 
======================
[2018-08-03 00:00:17] Error text: Method {$controller::$action} is not found | File: C:\OSPanel\domains\ishhop2.loc\vendor\ishop\core\Router.php | Line: 34 
======================
[2018-08-03 00:00:18] Error text: Method {$controller::$action} is not found | File: C:\OSPanel\domains\ishhop2.loc\vendor\ishop\core\Router.php | Line: 34 
======================
[2018-08-04 02:29:43] Error text: Page is not found | File: C:\OSPanel\domains\ishhop2.loc\vendor\ishop\core\Router.php | Line: 40 
======================
[2018-08-04 02:29:52] Error text: Controller {$controller} is not found | File: C:\OSPanel\domains\ishhop2.loc\vendor\ishop\core\Router.php | Line: 37 
======================
[2018-08-04 02:30:21] Error text: Controller {$controller} is not found | File: C:\OSPanel\domains\ishhop2.loc\vendor\ishop\core\Router.php | Line: 37 
======================
[2018-08-04 02:36:02] Error text: Controller {$controller} is not found | File: C:\OSPanel\domains\ishhop2.loc\vendor\ishop\core\Router.php | Line: 37 
======================
[2018-08-04 02:36:47] Error text: Page is not found | File: C:\OSPanel\domains\ishhop2.loc\vendor\ishop\core\Router.php | Line: 40 
======================
[2018-08-04 02:37:00] Error text: Page is not found | File: C:\OSPanel\domains\ishhop2.loc\vendor\ishop\core\Router.php | Line: 40 
======================
[2018-08-04 02:37:01] Error text: Page is not found | File: C:\OSPanel\domains\ishhop2.loc\vendor\ishop\core\Router.php | Line: 40 
======================
[2018-08-04 02:37:18] Error text: Page is not found | File: C:\OSPanel\domains\ishhop2.loc\vendor\ishop\core\Router.php | Line: 40 
======================
[2018-08-04 02:37:19] Error text: Page is not found | File: C:\OSPanel\domains\ishhop2.loc\vendor\ishop\core\Router.php | Line: 40 
======================
[2018-08-04 02:37:20] Error text: Page is not found | File: C:\OSPanel\domains\ishhop2.loc\vendor\ishop\core\Router.php | Line: 40 
======================
[2018-08-04 02:37:21] Error text: Page is not found | File: C:\OSPanel\domains\ishhop2.loc\vendor\ishop\core\Router.php | Line: 40 
======================
[2018-08-04 16:57:17] Error text: Page is not found | File: C:\OSPanel\domains\ishhop2.loc\vendor\ishop\core\Router.php | Line: 40 
======================
[2018-08-04 16:57:32] Error text: Page is not found | File: C:\OSPanel\domains\ishhop2.loc\vendor\ishop\core\Router.php | Line: 40 
======================
[2018-08-04 16:57:46] Error text: Page is not found | File: C:\OSPanel\domains\ishhop2.loc\vendor\ishop\core\Router.php | Line: 40 
======================
[2018-08-04 16:58:27] Error text: Page is not found | File: C:\OSPanel\domains\ishhop2.loc\vendor\ishop\core\Router.php | Line: 40 
======================
[2018-08-04 16:58:29] Error text: Page is not found | File: C:\OSPanel\domains\ishhop2.loc\vendor\ishop\core\Router.php | Line: 40 
======================
[2018-08-04 16:59:16] Error text: Page is not found | File: C:\OSPanel\domains\ishhop2.loc\vendor\ishop\core\Router.php | Line: 40 
======================
[2018-08-04 16:59:18] Error text: Page is not found | File: C:\OSPanel\domains\ishhop2.loc\vendor\ishop\core\Router.php | Line: 40 
======================
[2018-08-04 16:59:30] Error text: Page is not found | File: C:\OSPanel\domains\ishhop2.loc\vendor\ishop\core\Router.php | Line: 40 
======================
[2018-08-04 17:28:46] Error text: Page is not found | File: C:\OSPanel\domains\ishhop2.loc\vendor\ishop\core\Router.php | Line: 40 
======================
[2018-08-04 22:49:09] Error text: Page is not found | File: C:\OSPanel\domains\ishhop2.loc\vendor\ishop\core\Router.php | Line: 40 
======================
[2018-08-04 22:49:25] Error text: Page is not found | File: C:\OSPanel\domains\ishhop2.loc\vendor\ishop\core\Router.php | Line: 40 
======================
[2018-08-04 22:49:33] Error text: Page is not found | File: C:\OSPanel\domains\ishhop2.loc\vendor\ishop\core\Router.php | Line: 40 
======================
[2018-08-04 22:49:53] Error text: Page is not found | File: C:\OSPanel\domains\ishhop2.loc\vendor\ishop\core\Router.php | Line: 40 
======================
[2018-08-04 22:50:31] Error text: Page is not found | File: C:\OSPanel\domains\ishhop2.loc\vendor\ishop\core\Router.php | Line: 40 
======================
[2018-08-04 22:50:36] Error text: Page is not found | File: C:\OSPanel\domains\ishhop2.loc\vendor\ishop\core\Router.php | Line: 40 
======================
[2018-08-04 22:50:41] Error text: Page is not found | File: C:\OSPanel\domains\ishhop2.loc\vendor\ishop\core\Router.php | Line: 40 
======================
[2018-08-04 22:50:44] Error text: Page is not found | File: C:\OSPanel\domains\ishhop2.loc\vendor\ishop\core\Router.php | Line: 40 
======================
[2018-08-04 22:50:47] Error text: Page is not found | File: C:\OSPanel\domains\ishhop2.loc\vendor\ishop\core\Router.php | Line: 40 
======================
[2018-08-04 22:50:50] Error text: Page is not found | File: C:\OSPanel\domains\ishhop2.loc\vendor\ishop\core\Router.php | Line: 40 
======================
[2018-08-05 15:14:50] Error text: Page is not found | File: C:\OSPanel\domains\ishhop2.loc\vendor\ishop\core\Router.php | Line: 40 
======================
[2018-08-05 21:57:39] Error text: Page is not found | File: C:\OSPanel\domains\ishhop2.loc\vendor\ishop\core\Router.php | Line: 41 
======================
[2018-08-05 22:05:17] Error text: Page is not found | File: C:\OSPanel\domains\ishhop2.loc\vendor\ishop\core\Router.php | Line: 41 
======================
[2018-08-05 22:05:17] Error text: Page is not found | File: C:\OSPanel\domains\ishhop2.loc\vendor\ishop\core\Router.php | Line: 41 
======================
[2018-08-05 22:31:38] Error text: Page is not found | File: C:\OSPanel\domains\ishhop2.loc\vendor\ishop\core\Router.php | Line: 41 
======================
[2018-08-05 22:35:57] Error text: Call to undefined function ishop\removeQueryString() | File: C:\OSPanel\domains\ishhop2.loc\vendor\ishop\core\Router.php | Line: 24 
======================
[2018-08-05 22:36:11] Error text: Call to undefined function ishop\removeQueryString() | File: C:\OSPanel\domains\ishhop2.loc\vendor\ishop\core\Router.php | Line: 24 
======================
[2018-08-05 22:36:26] Error text: Call to undefined function ishop\removeQueryString() | File: C:\OSPanel\domains\ishhop2.loc\vendor\ishop\core\Router.php | Line: 24 
======================
[2018-08-05 22:36:47] Error text: Call to undefined function ishop\removeQueryString() | File: C:\OSPanel\domains\ishhop2.loc\vendor\ishop\core\Router.php | Line: 24 
======================
[2018-08-05 22:36:54] Error text: Call to undefined function ishop\removeQueryString() | File: C:\OSPanel\domains\ishhop2.loc\vendor\ishop\core\Router.php | Line: 24 
======================
[2018-08-05 22:43:59] Error text: Call to undefined method app\controllers\PageController::getView() | File: C:\OSPanel\domains\ishhop2.loc\vendor\ishop\core\Router.php | Line: 33 
======================
[2018-08-05 22:45:00] Error text: Cant find view C:\OSPanel\domains\ishhop2.loc/app/views/Page/view.php | File: C:\OSPanel\domains\ishhop2.loc\vendor\ishop\core\base\View.php | Line: 42 
======================
[2018-08-05 23:42:50] Error text: Class 'ishop\R' not found | File: C:\OSPanel\domains\ishhop2.loc\vendor\ishop\core\Db.php | Line: 14 
======================
[2018-08-05 23:48:12] Error text: Page is not found | File: C:\OSPanel\domains\ishhop2.loc\vendor\ishop\core\Router.php | Line: 40 
======================
[2018-08-05 23:48:12] Error text: Page is not found | File: C:\OSPanel\domains\ishhop2.loc\vendor\ishop\core\Router.php | Line: 40 
======================
[2018-08-05 23:48:28] Error text: Page is not found | File: C:\OSPanel\domains\ishhop2.loc\vendor\ishop\core\Router.php | Line: 40 
======================
[2018-08-05 23:48:29] Error text: Page is not found | File: C:\OSPanel\domains\ishhop2.loc\vendor\ishop\core\Router.php | Line: 40 
======================
[2018-08-05 23:48:33] Error text: Page is not found | File: C:\OSPanel\domains\ishhop2.loc\vendor\ishop\core\Router.php | Line: 40 
======================
[2018-08-05 23:48:34] Error text: Page is not found | File: C:\OSPanel\domains\ishhop2.loc\vendor\ishop\core\Router.php | Line: 40 
======================
[2018-08-06 23:23:58] Error text: Page is not found | File: C:\OSPanel\domains\ishhop2.loc\vendor\ishop\core\Router.php | Line: 40 
======================
[2018-08-06 23:23:59] Error text: Page is not found | File: C:\OSPanel\domains\ishhop2.loc\vendor\ishop\core\Router.php | Line: 40 
======================
[2018-08-06 23:24:00] Error text: Page is not found | File: C:\OSPanel\domains\ishhop2.loc\vendor\ishop\core\Router.php | Line: 40 
======================
[2018-08-06 23:24:01] Error text: Page is not found | File: C:\OSPanel\domains\ishhop2.loc\vendor\ishop\core\Router.php | Line: 40 
======================
[2018-08-06 23:24:11] Error text: Page is not found | File: C:\OSPanel\domains\ishhop2.loc\vendor\ishop\core\Router.php | Line: 40 
======================
[2018-08-06 23:24:11] Error text: Page is not found | File: C:\OSPanel\domains\ishhop2.loc\vendor\ishop\core\Router.php | Line: 40 
======================
[2018-08-06 23:24:40] Error text: Page is not found | File: C:\OSPanel\domains\ishhop2.loc\vendor\ishop\core\Router.php | Line: 40 
======================
[2018-08-06 23:24:40] Error text: Page is not found | File: C:\OSPanel\domains\ishhop2.loc\vendor\ishop\core\Router.php | Line: 40 
======================
[2018-08-06 23:24:54] Error text: Page is not found | File: C:\OSPanel\domains\ishhop2.loc\vendor\ishop\core\Router.php | Line: 40 
======================
[2018-08-06 23:24:55] Error text: Page is not found | File: C:\OSPanel\domains\ishhop2.loc\vendor\ishop\core\Router.php | Line: 40 
======================
[2018-08-06 23:25:05] Error text: Page is not found | File: C:\OSPanel\domains\ishhop2.loc\vendor\ishop\core\Router.php | Line: 40 
======================
[2018-08-06 23:25:05] Error text: Page is not found | File: C:\OSPanel\domains\ishhop2.loc\vendor\ishop\core\Router.php | Line: 40 
======================
[2018-08-06 23:25:07] Error text: Page is not found | File: C:\OSPanel\domains\ishhop2.loc\vendor\ishop\core\Router.php | Line: 40 
======================
[2018-08-06 23:25:07] Error text: Page is not found | File: C:\OSPanel\domains\ishhop2.loc\vendor\ishop\core\Router.php | Line: 40 
======================
[2018-08-06 23:25:16] Error text: Page is not found | File: C:\OSPanel\domains\ishhop2.loc\vendor\ishop\core\Router.php | Line: 40 
======================
[2018-08-06 23:25:16] Error text: Page is not found | File: C:\OSPanel\domains\ishhop2.loc\vendor\ishop\core\Router.php | Line: 40 
======================
[2018-08-06 23:25:21] Error text: Page is not found | File: C:\OSPanel\domains\ishhop2.loc\vendor\ishop\core\Router.php | Line: 40 
======================
[2018-08-06 23:25:22] Error text: Page is not found | File: C:\OSPanel\domains\ishhop2.loc\vendor\ishop\core\Router.php | Line: 40 
======================
[2018-08-06 23:25:28] Error text: Page is not found | File: C:\OSPanel\domains\ishhop2.loc\vendor\ishop\core\Router.php | Line: 40 
======================
[2018-08-06 23:25:28] Error text: Page is not found | File: C:\OSPanel\domains\ishhop2.loc\vendor\ishop\core\Router.php | Line: 40 
======================
[2018-08-06 23:25:29] Error text: Page is not found | File: C:\OSPanel\domains\ishhop2.loc\vendor\ishop\core\Router.php | Line: 40 
======================
[2018-08-06 23:34:20] Error text: Page is not found | File: C:\OSPanel\domains\ishhop2.loc\vendor\ishop\core\Router.php | Line: 40 
======================
[2018-08-06 23:34:20] Error text: Page is not found | File: C:\OSPanel\domains\ishhop2.loc\vendor\ishop\core\Router.php | Line: 40 
======================
[2018-08-06 23:34:21] Error text: Page is not found | File: C:\OSPanel\domains\ishhop2.loc\vendor\ishop\core\Router.php | Line: 40 
======================
[2018-08-06 23:34:21] Error text: Page is not found | File: C:\OSPanel\domains\ishhop2.loc\vendor\ishop\core\Router.php | Line: 40 
======================
[2018-08-06 23:34:21] Error text: Page is not found | File: C:\OSPanel\domains\ishhop2.loc\vendor\ishop\core\Router.php | Line: 40 
======================
[2018-08-06 23:34:22] Error text: Page is not found | File: C:\OSPanel\domains\ishhop2.loc\vendor\ishop\core\Router.php | Line: 40 
======================
[2018-08-06 23:34:22] Error text: Page is not found | File: C:\OSPanel\domains\ishhop2.loc\vendor\ishop\core\Router.php | Line: 40 
======================
[2018-08-06 23:34:23] Error text: Page is not found | File: C:\OSPanel\domains\ishhop2.loc\vendor\ishop\core\Router.php | Line: 40 
======================
[2018-08-06 23:34:23] Error text: Page is not found | File: C:\OSPanel\domains\ishhop2.loc\vendor\ishop\core\Router.php | Line: 40 
======================
[2018-08-06 23:34:23] Error text: Page is not found | File: C:\OSPanel\domains\ishhop2.loc\vendor\ishop\core\Router.php | Line: 40 
======================
[2018-08-06 23:34:24] Error text: Page is not found | File: C:\OSPanel\domains\ishhop2.loc\vendor\ishop\core\Router.php | Line: 40 
======================
[2018-08-06 23:34:24] Error text: Page is not found | File: C:\OSPanel\domains\ishhop2.loc\vendor\ishop\core\Router.php | Line: 40 
======================
[2018-08-06 23:34:25] Error text: Page is not found | File: C:\OSPanel\domains\ishhop2.loc\vendor\ishop\core\Router.php | Line: 40 
======================
[2018-08-06 23:34:25] Error text: Page is not found | File: C:\OSPanel\domains\ishhop2.loc\vendor\ishop\core\Router.php | Line: 40 
======================
[2018-08-06 23:34:25] Error text: Page is not found | File: C:\OSPanel\domains\ishhop2.loc\vendor\ishop\core\Router.php | Line: 40 
======================
[2018-08-06 23:34:26] Error text: Page is not found | File: C:\OSPanel\domains\ishhop2.loc\vendor\ishop\core\Router.php | Line: 40 
======================
[2018-08-06 23:34:26] Error text: Page is not found | File: C:\OSPanel\domains\ishhop2.loc\vendor\ishop\core\Router.php | Line: 40 
======================
[2018-08-06 23:34:27] Error text: Page is not found | File: C:\OSPanel\domains\ishhop2.loc\vendor\ishop\core\Router.php | Line: 40 
======================
[2018-08-06 23:34:27] Error text: Page is not found | File: C:\OSPanel\domains\ishhop2.loc\vendor\ishop\core\Router.php | Line: 40 
======================
[2018-08-06 23:34:28] Error text: Page is not found | File: C:\OSPanel\domains\ishhop2.loc\vendor\ishop\core\Router.php | Line: 40 
======================
[2018-08-06 23:34:28] Error text: Page is not found | File: C:\OSPanel\domains\ishhop2.loc\vendor\ishop\core\Router.php | Line: 40 
======================
[2018-08-06 23:34:28] Error text: Page is not found | File: C:\OSPanel\domains\ishhop2.loc\vendor\ishop\core\Router.php | Line: 40 
======================
[2018-08-06 23:34:29] Error text: Page is not found | File: C:\OSPanel\domains\ishhop2.loc\vendor\ishop\core\Router.php | Line: 40 
======================
[2018-08-06 23:34:38] Error text: Cant find view C:\OSPanel\domains\ishhop2.loc/app/views/Main/index.php | File: C:\OSPanel\domains\ishhop2.loc\vendor\ishop\core\base\View.php | Line: 42 
======================
[2018-08-06 23:37:42] Error text: Cant find view C:\OSPanel\domains\ishhop2.loc/app/views/Main/index.php | File: C:\OSPanel\domains\ishhop2.loc\vendor\ishop\core\base\View.php | Line: 42 
======================
[2018-08-06 23:37:48] Error text: Cant find view C:\OSPanel\domains\ishhop2.loc/app/views/Main/index.php | File: C:\OSPanel\domains\ishhop2.loc\vendor\ishop\core\base\View.php | Line: 42 
======================
[2018-08-06 23:38:10] Error text: syntax error, unexpected end of file | File: C:\OSPanel\domains\ishhop2.loc\app\views\Main\index.php | Line: 1 
======================
[2018-08-06 23:44:48] Error text: Page is not found | File: C:\OSPanel\domains\ishhop2.loc\vendor\ishop\core\Router.php | Line: 40 
======================
[2018-08-06 23:48:43] Error text: Page is not found | File: C:\OSPanel\domains\ishhop2.loc\vendor\ishop\core\Router.php | Line: 40 
======================
[2018-08-07 00:23:41] Error text: There is no connection with db | File: C:\OSPanel\domains\ishhop2.loc\vendor\ishop\core\Db.php | Line: 16 
======================
[2018-08-07 14:03:46] Error text: Page is not found | File: C:\OSPanel\domains\ishhop2.loc\vendor\ishop\core\Router.php | Line: 40 
======================
[2018-08-07 14:22:45] Error text: Page is not found | File: C:\OSPanel\domains\ishhop2.loc\vendor\ishop\core\Router.php | Line: 40 
======================
[2018-08-07 14:27:59] Error text: Page is not found | File: C:\OSPanel\domains\ishhop2.loc\vendor\ishop\core\Router.php | Line: 40 
======================
